<?xml version="1.0" encoding="utf-8"?><testsuite errors="0" failures="3" name="pytest" skipped="0" tests="5" time="7.209"><testcase classname="test_submit" file="test_submit.py" line="3" name="test_q1" time="0.013"></testcase><testcase classname="test_submit" file="test_submit.py" line="9" name="test_q2" time="0.003"><failure message="assert 0.977 == 0.684
  -0.977
  +0.684">E   assert 0.977 == 0.684
      -0.977
      +0.684</failure></testcase><testcase classname="test_submit" file="test_submit.py" line="15" name="test_q3" time="0.004"></testcase><testcase classname="test_submit" file="test_submit.py" line="21" name="test_q4" time="0.003"><failure message="assert (1, 2, 3) == (0.806, 0.911, 0.959)
  At index 0 diff: 1 != 0.806
  Full diff:
  - (1, 2, 3)
  + (0.806, 0.911, 0.959)">E   assert (1, 2, 3) == (0.806, 0.911, 0.959)
      At index 0 diff: 1 != 0.806
      Full diff:
      - (1, 2, 3)
      + (0.806, 0.911, 0.959)</failure></testcase><testcase classname="test_submit" file="test_submit.py" line="27" name="test_q5" time="0.003"><failure message="assert (0.001, 0.002, 0.003) == (0.027, 0.04, -0.004)
  At index 0 diff: 0.001 != 0.027
  Full diff:
  - (0.001, 0.002, 0.003)
  + (0.027, 0.04, -0.004)">E   assert (0.001, 0.002, 0.003) == (0.027, 0.04, -0.004)
      At index 0 diff: 0.001 != 0.027
      Full diff:
      - (0.001, 0.002, 0.003)
      + (0.027, 0.04, -0.004)</failure></testcase></testsuite>