<?xml version="1.0" encoding="utf-8"?><testsuite errors="0" failures="1" name="pytest" skipped="0" tests="10" time="5.173"><testcase classname="test_submit" file="test_submit.py" line="3" name="test_q1" time="0.003"></testcase><testcase classname="test_submit" file="test_submit.py" line="9" name="test_q2" time="0.069"></testcase><testcase classname="test_submit" file="test_submit.py" line="15" name="test_q3" time="0.014"></testcase><testcase classname="test_submit" file="test_submit.py" line="21" name="test_q4" time="0.004"></testcase><testcase classname="test_submit" file="test_submit.py" line="27" name="test_q5" time="0.220"></testcase><testcase classname="test_submit" file="test_submit.py" line="33" name="test_q6" time="0.445"></testcase><testcase classname="test_submit" file="test_submit.py" line="39" name="test_q7" time="0.013"></testcase><testcase classname="test_submit" file="test_submit.py" line="45" name="test_q8" time="0.001"><failure message="assert 0.933 == 0.385
  -0.933
  +0.385">E   assert 0.933 == 0.385
      -0.933
      +0.385</failure></testcase><testcase classname="test_submit" file="test_submit.py" line="51" name="test_q9" time="0.020"></testcase><testcase classname="test_submit" file="test_submit.py" line="57" name="test_q10" time="0.014"></testcase></testsuite>